<?xml version="1.0" encoding="utf-8"?>
<CoverageSession>
  <Summary numSequencePoints="121" visitedSequencePoints="80" numBranchPoints="121" visitedBranchPoints="80" sequenceCoverage="0.661" branchCoverage="0.661" maxCyclomaticComplexity="0" minCyclomaticComplexity="0" visitedClasses="4" numClasses="4" visitedMethods="11" numMethods="13" />
  <Modules>
    <Module hash="ECAA11BA-6A1F-48E4-A412-43A23ED23FB9">
      <ModulePath>/Users/boriphuth/Projects/tdd_roman/Number.Tests/bin/Debug/netcoreapp2.0/Number.dll</ModulePath>
      <ModuleTime>2019-04-06T09:09:26</ModuleTime>
      <ModuleName>Number</ModuleName>
      <Files>
        <File uid="1" fullPath="/Users/boriphuth/Projects/tdd_roman/Number/Arabic.cs" />
        <File uid="2" fullPath="/Users/boriphuth/Projects/tdd_roman/Number/Roman.cs" />
        <File uid="3" fullPath="/Users/boriphuth/Projects/tdd_roman/Number/RomanNumerals.cs" />
      </Files>
      <Classes>
        <Class>
          <Summary numSequencePoints="47" visitedSequencePoints="47" numBranchPoints="16" visitedBranchPoints="15" sequenceCoverage="1" branchCoverage="0.938" maxCyclomaticComplexity="0" minCyclomaticComplexity="0" visitedClasses="1" numClasses="1" visitedMethods="3" numMethods="3" />
          <FullName>Number.Arabic</FullName>
          <Methods>
            <Method cyclomaticComplexity="0" nPathComplexity="0" sequenceCoverage="1" branchCoverage="1" isConstructor="False" isGetter="False" isSetter="False" isStatic="True">
              <Summary numSequencePoints="13" visitedSequencePoints="13" numBranchPoints="2" visitedBranchPoints="2" sequenceCoverage="1" branchCoverage="1" maxCyclomaticComplexity="0" minCyclomaticComplexity="0" visitedClasses="0" numClasses="0" visitedMethods="1" numMethods="1" />
              <MetadataToken />
              <Name>System.String Number.Arabic::ConvertToRoman(System.Int32,Number.Roman)</Name>
              <FileRef uid="1" />
              <SequencePoints>
                <SequencePoint vc="17" upsid="9" ordinal="0" sl="9" sc="1" el="9" ec="2" bec="0" bev="0" fileid="1" />
                <SequencePoint vc="17" upsid="10" ordinal="1" sl="10" sc="1" el="10" ec="2" bec="0" bev="0" fileid="1" />
                <SequencePoint vc="17" upsid="11" ordinal="2" sl="11" sc="1" el="11" ec="2" bec="0" bev="0" fileid="1" />
                <SequencePoint vc="17" upsid="12" ordinal="3" sl="12" sc="1" el="12" ec="2" bec="0" bev="0" fileid="1" />
                <SequencePoint vc="17" upsid="13" ordinal="4" sl="13" sc="1" el="13" ec="2" bec="0" bev="0" fileid="1" />
                <SequencePoint vc="17" upsid="15" ordinal="5" sl="15" sc="1" el="15" ec="2" bec="0" bev="0" fileid="1" />
                <SequencePoint vc="17" upsid="16" ordinal="6" sl="16" sc="1" el="16" ec="2" bec="0" bev="0" fileid="1" />
                <SequencePoint vc="17" upsid="17" ordinal="7" sl="17" sc="1" el="17" ec="2" bec="0" bev="0" fileid="1" />
                <SequencePoint vc="17" upsid="19" ordinal="8" sl="19" sc="1" el="19" ec="2" bec="0" bev="0" fileid="1" />
                <SequencePoint vc="1" upsid="20" ordinal="9" sl="20" sc="1" el="20" ec="2" bec="0" bev="0" fileid="1" />
                <SequencePoint vc="1" upsid="21" ordinal="10" sl="21" sc="1" el="21" ec="2" bec="0" bev="0" fileid="1" />
                <SequencePoint vc="16" upsid="23" ordinal="11" sl="23" sc="1" el="23" ec="2" bec="0" bev="0" fileid="1" />
                <SequencePoint vc="16" upsid="24" ordinal="12" sl="24" sc="1" el="24" ec="2" bec="0" bev="0" fileid="1" />
              </SequencePoints>
              <BranchPoints>
                <BranchPoint vc="1" upsid="19" ordinal="0" path="0" offset="112" offsetend="114" sl="19" fileid="1" />
                <BranchPoint vc="65535" upsid="19" ordinal="1" path="1" offset="112" offsetend="126" sl="19" fileid="1" />
              </BranchPoints>
              <MethodPoint vc="13" upsid="0" p8:type="SequencePoint" ordinal="0" offset="0" sc="0" sl="9" ec="1" el="24" bec="0" bev="0" fileid="1" xmlns:p8="xsi" />
            </Method>
            <Method cyclomaticComplexity="0" nPathComplexity="0" sequenceCoverage="1" branchCoverage="0.917" isConstructor="False" isGetter="False" isSetter="False" isStatic="True">
              <Summary numSequencePoints="25" visitedSequencePoints="25" numBranchPoints="12" visitedBranchPoints="11" sequenceCoverage="1" branchCoverage="0.917" maxCyclomaticComplexity="0" minCyclomaticComplexity="0" visitedClasses="0" numClasses="0" visitedMethods="1" numMethods="1" />
              <MetadataToken />
              <Name>System.String Number.Arabic::PlaceValues(System.Int32,Number.Symbol)</Name>
              <FileRef uid="1" />
              <SequencePoints>
                <SequencePoint vc="51" upsid="27" ordinal="0" sl="27" sc="1" el="27" ec="2" bec="0" bev="0" fileid="1" />
                <SequencePoint vc="51" upsid="28" ordinal="1" sl="28" sc="1" el="28" ec="2" bec="0" bev="0" fileid="1" />
                <SequencePoint vc="51" upsid="29" ordinal="2" sl="29" sc="1" el="29" ec="2" bec="0" bev="0" fileid="1" />
                <SequencePoint vc="51" upsid="30" ordinal="3" sl="30" sc="1" el="30" ec="2" bec="0" bev="0" fileid="1" />
                <SequencePoint vc="39" upsid="31" ordinal="4" sl="31" sc="1" el="31" ec="2" bec="0" bev="0" fileid="1" />
                <SequencePoint vc="39" upsid="32" ordinal="5" sl="32" sc="1" el="32" ec="2" bec="0" bev="0" fileid="1" />
                <SequencePoint vc="39" upsid="33" ordinal="6" sl="33" sc="1" el="33" ec="2" bec="0" bev="0" fileid="1" />
                <SequencePoint vc="12" upsid="34" ordinal="7" sl="34" sc="1" el="34" ec="2" bec="0" bev="0" fileid="1" />
                <SequencePoint vc="1" upsid="35" ordinal="8" sl="35" sc="1" el="35" ec="2" bec="0" bev="0" fileid="1" />
                <SequencePoint vc="1" upsid="36" ordinal="9" sl="36" sc="1" el="36" ec="2" bec="0" bev="0" fileid="1" />
                <SequencePoint vc="1" upsid="37" ordinal="10" sl="37" sc="1" el="37" ec="2" bec="0" bev="0" fileid="1" />
                <SequencePoint vc="11" upsid="38" ordinal="11" sl="38" sc="1" el="38" ec="2" bec="0" bev="0" fileid="1" />
                <SequencePoint vc="3" upsid="39" ordinal="12" sl="39" sc="1" el="39" ec="2" bec="0" bev="0" fileid="1" />
                <SequencePoint vc="3" upsid="40" ordinal="13" sl="40" sc="1" el="40" ec="2" bec="0" bev="0" fileid="1" />
                <SequencePoint vc="3" upsid="41" ordinal="14" sl="41" sc="1" el="41" ec="2" bec="0" bev="0" fileid="1" />
                <SequencePoint vc="8" upsid="42" ordinal="15" sl="42" sc="1" el="42" ec="2" bec="0" bev="0" fileid="1" />
                <SequencePoint vc="5" upsid="43" ordinal="16" sl="43" sc="1" el="43" ec="2" bec="0" bev="0" fileid="1" />
                <SequencePoint vc="5" upsid="44" ordinal="17" sl="44" sc="1" el="44" ec="2" bec="0" bev="0" fileid="1" />
                <SequencePoint vc="5" upsid="45" ordinal="18" sl="45" sc="1" el="45" ec="2" bec="0" bev="0" fileid="1" />
                <SequencePoint vc="3" upsid="46" ordinal="19" sl="46" sc="1" el="46" ec="2" bec="0" bev="0" fileid="1" />
                <SequencePoint vc="3" upsid="47" ordinal="20" sl="47" sc="1" el="47" ec="2" bec="0" bev="0" fileid="1" />
                <SequencePoint vc="3" upsid="48" ordinal="21" sl="48" sc="1" el="48" ec="2" bec="0" bev="0" fileid="1" />
                <SequencePoint vc="3" upsid="49" ordinal="22" sl="49" sc="1" el="49" ec="2" bec="0" bev="0" fileid="1" />
                <SequencePoint vc="51" upsid="50" ordinal="23" sl="50" sc="1" el="50" ec="2" bec="0" bev="0" fileid="1" />
                <SequencePoint vc="51" upsid="51" ordinal="24" sl="51" sc="1" el="51" ec="2" bec="0" bev="0" fileid="1" />
              </SequencePoints>
              <BranchPoints>
                <BranchPoint vc="2147483647" upsid="30" ordinal="0" path="0" offset="23" offsetend="25" sl="30" fileid="1" />
                <BranchPoint vc="4095" upsid="30" ordinal="1" path="1" offset="23" offsetend="52" sl="30" fileid="1" />
                <BranchPoint vc="1" upsid="34" ordinal="2" path="0" offset="58" offsetend="60" sl="34" fileid="1" />
                <BranchPoint vc="2047" upsid="34" ordinal="3" path="1" offset="58" offsetend="90" sl="34" fileid="1" />
                <BranchPoint vc="7" upsid="38" ordinal="4" path="0" offset="96" offsetend="98" sl="38" fileid="1" />
                <BranchPoint vc="255" upsid="38" ordinal="5" path="1" offset="96" offsetend="116" sl="38" fileid="1" />
                <BranchPoint vc="255" upsid="42" ordinal="6" path="0" offset="118" offsetend="120" sl="42" fileid="1" />
                <BranchPoint vc="0" upsid="42" ordinal="7" path="1" offset="118" offsetend="129" sl="42" fileid="1" />
                <BranchPoint vc="31" upsid="42" ordinal="8" path="0" offset="134" offsetend="136" sl="42" fileid="1" />
                <BranchPoint vc="7" upsid="42" ordinal="9" path="1" offset="134" offsetend="174" sl="42" fileid="1" />
                <BranchPoint vc="7" upsid="46" ordinal="10" path="0" offset="183" offsetend="185" sl="46" fileid="1" />
                <BranchPoint vc="2147483647" upsid="46" ordinal="11" path="1" offset="183" offsetend="213" sl="46" fileid="1" />
              </BranchPoints>
              <MethodPoint vc="25" upsid="0" p8:type="SequencePoint" ordinal="1" offset="1" sc="0" sl="27" ec="1" el="51" bec="0" bev="0" fileid="1" xmlns:p8="xsi" />
            </Method>
            <Method cyclomaticComplexity="0" nPathComplexity="0" sequenceCoverage="1" branchCoverage="1" isConstructor="False" isGetter="False" isSetter="False" isStatic="True">
              <Summary numSequencePoints="9" visitedSequencePoints="9" numBranchPoints="2" visitedBranchPoints="2" sequenceCoverage="1" branchCoverage="1" maxCyclomaticComplexity="0" minCyclomaticComplexity="0" visitedClasses="0" numClasses="0" visitedMethods="1" numMethods="1" />
              <MetadataToken />
              <Name>System.String Number.Arabic::RepeatLiteral(System.Int32,System.String)</Name>
              <FileRef uid="1" />
              <SequencePoints>
                <SequencePoint vc="44" upsid="54" ordinal="0" sl="54" sc="1" el="54" ec="2" bec="0" bev="0" fileid="1" />
                <SequencePoint vc="44" upsid="55" ordinal="1" sl="55" sc="1" el="55" ec="2" bec="0" bev="0" fileid="1" />
                <SequencePoint vc="44" upsid="56" ordinal="2" sl="56" sc="1" el="56" ec="2" bec="0" bev="0" fileid="1" />
                <SequencePoint vc="136" upsid="57" ordinal="3" sl="57" sc="1" el="57" ec="2" bec="0" bev="0" fileid="1" />
                <SequencePoint vc="24" upsid="58" ordinal="4" sl="58" sc="1" el="58" ec="2" bec="0" bev="0" fileid="1" />
                <SequencePoint vc="24" upsid="59" ordinal="5" sl="59" sc="1" el="59" ec="2" bec="0" bev="0" fileid="1" />
                <SequencePoint vc="24" upsid="60" ordinal="6" sl="60" sc="1" el="60" ec="2" bec="0" bev="0" fileid="1" />
                <SequencePoint vc="44" upsid="61" ordinal="7" sl="61" sc="1" el="61" ec="2" bec="0" bev="0" fileid="1" />
                <SequencePoint vc="44" upsid="62" ordinal="8" sl="62" sc="1" el="62" ec="2" bec="0" bev="0" fileid="1" />
              </SequencePoints>
              <BranchPoints>
                <BranchPoint vc="16777215" upsid="57" ordinal="1" path="1" offset="38" offsetend="18" sl="57" fileid="1" />
                <BranchPoint vc="2147483647" upsid="57" ordinal="0" path="0" offset="38" offsetend="40" sl="57" fileid="1" />
              </BranchPoints>
              <MethodPoint vc="9" upsid="0" p8:type="SequencePoint" ordinal="2" offset="2" sc="0" sl="54" ec="1" el="62" bec="0" bev="0" fileid="1" xmlns:p8="xsi" />
            </Method>
          </Methods>
        </Class>
        <Class>
          <Summary numSequencePoints="3" visitedSequencePoints="3" numBranchPoints="0" visitedBranchPoints="0" sequenceCoverage="1" branchCoverage="0" maxCyclomaticComplexity="0" minCyclomaticComplexity="0" visitedClasses="1" numClasses="1" visitedMethods="3" numMethods="3" />
          <FullName>Number.Symbol</FullName>
          <Methods>
            <Method cyclomaticComplexity="0" nPathComplexity="0" sequenceCoverage="1" branchCoverage="0" isConstructor="False" isGetter="True" isSetter="False" isStatic="True">
              <Summary numSequencePoints="1" visitedSequencePoints="1" numBranchPoints="0" visitedBranchPoints="0" sequenceCoverage="1" branchCoverage="0" maxCyclomaticComplexity="0" minCyclomaticComplexity="0" visitedClasses="0" numClasses="0" visitedMethods="1" numMethods="1" />
              <MetadataToken />
              <Name>System.String Number.Symbol::get_one()</Name>
              <FileRef uid="2" />
              <SequencePoints>
                <SequencePoint vc="99" upsid="8" ordinal="0" sl="8" sc="1" el="8" ec="2" bec="0" bev="0" fileid="2" />
              </SequencePoints>
              <BranchPoints />
              <MethodPoint vc="1" upsid="0" p8:type="SequencePoint" ordinal="0" offset="0" sc="0" sl="8" ec="1" el="8" bec="0" bev="0" fileid="2" xmlns:p8="xsi" />
            </Method>
            <Method cyclomaticComplexity="0" nPathComplexity="0" sequenceCoverage="1" branchCoverage="0" isConstructor="False" isGetter="True" isSetter="False" isStatic="True">
              <Summary numSequencePoints="1" visitedSequencePoints="1" numBranchPoints="0" visitedBranchPoints="0" sequenceCoverage="1" branchCoverage="0" maxCyclomaticComplexity="0" minCyclomaticComplexity="0" visitedClasses="0" numClasses="0" visitedMethods="1" numMethods="1" />
              <MetadataToken />
              <Name>System.String Number.Symbol::get_five()</Name>
              <FileRef uid="2" />
              <SequencePoints>
                <SequencePoint vc="60" upsid="9" ordinal="0" sl="9" sc="1" el="9" ec="2" bec="0" bev="0" fileid="2" />
              </SequencePoints>
              <BranchPoints />
              <MethodPoint vc="1" upsid="0" p8:type="SequencePoint" ordinal="1" offset="1" sc="0" sl="9" ec="1" el="9" bec="0" bev="0" fileid="2" xmlns:p8="xsi" />
            </Method>
            <Method cyclomaticComplexity="0" nPathComplexity="0" sequenceCoverage="1" branchCoverage="0" isConstructor="False" isGetter="True" isSetter="False" isStatic="True">
              <Summary numSequencePoints="1" visitedSequencePoints="1" numBranchPoints="0" visitedBranchPoints="0" sequenceCoverage="1" branchCoverage="0" maxCyclomaticComplexity="0" minCyclomaticComplexity="0" visitedClasses="0" numClasses="0" visitedMethods="1" numMethods="1" />
              <MetadataToken />
              <Name>System.String Number.Symbol::get_ten()</Name>
              <FileRef uid="2" />
              <SequencePoints>
                <SequencePoint vc="54" upsid="10" ordinal="0" sl="10" sc="1" el="10" ec="2" bec="0" bev="0" fileid="2" />
              </SequencePoints>
              <BranchPoints />
              <MethodPoint vc="1" upsid="0" p8:type="SequencePoint" ordinal="2" offset="2" sc="0" sl="10" ec="1" el="10" bec="0" bev="0" fileid="2" xmlns:p8="xsi" />
            </Method>
          </Methods>
        </Class>
        <Class>
          <Summary numSequencePoints="7" visitedSequencePoints="7" numBranchPoints="0" visitedBranchPoints="0" sequenceCoverage="1" branchCoverage="0" maxCyclomaticComplexity="0" minCyclomaticComplexity="0" visitedClasses="1" numClasses="1" visitedMethods="3" numMethods="3" />
          <FullName>Number.Roman</FullName>
          <Methods>
            <Method cyclomaticComplexity="0" nPathComplexity="0" sequenceCoverage="1" branchCoverage="0" isConstructor="False" isGetter="True" isSetter="False" isStatic="True">
              <Summary numSequencePoints="1" visitedSequencePoints="1" numBranchPoints="0" visitedBranchPoints="0" sequenceCoverage="1" branchCoverage="0" maxCyclomaticComplexity="0" minCyclomaticComplexity="0" visitedClasses="0" numClasses="0" visitedMethods="1" numMethods="1" />
              <MetadataToken />
              <Name>System.Collections.Generic.Dictionary`2&lt;System.String,Number.Symbol&gt; Number.Roman::get__symbols()</Name>
              <FileRef uid="2" />
              <SequencePoints>
                <SequencePoint vc="119" upsid="22" ordinal="0" sl="22" sc="1" el="22" ec="2" bec="0" bev="0" fileid="2" />
              </SequencePoints>
              <BranchPoints />
              <MethodPoint vc="1" upsid="0" p8:type="SequencePoint" ordinal="0" offset="0" sc="0" sl="22" ec="1" el="22" bec="0" bev="0" fileid="2" xmlns:p8="xsi" />
            </Method>
            <Method cyclomaticComplexity="0" nPathComplexity="0" sequenceCoverage="1" branchCoverage="0" isConstructor="False" isGetter="False" isSetter="False" isStatic="True">
              <Summary numSequencePoints="3" visitedSequencePoints="3" numBranchPoints="0" visitedBranchPoints="0" sequenceCoverage="1" branchCoverage="0" maxCyclomaticComplexity="0" minCyclomaticComplexity="0" visitedClasses="0" numClasses="0" visitedMethods="1" numMethods="1" />
              <MetadataToken />
              <Name>System.Void Number.Roman::AddPlaceValue(System.String,Number.Symbol)</Name>
              <FileRef uid="2" />
              <SequencePoints>
                <SequencePoint vc="51" upsid="30" ordinal="0" sl="30" sc="1" el="30" ec="2" bec="0" bev="0" fileid="2" />
                <SequencePoint vc="51" upsid="31" ordinal="1" sl="31" sc="1" el="31" ec="2" bec="0" bev="0" fileid="2" />
                <SequencePoint vc="51" upsid="32" ordinal="2" sl="32" sc="1" el="32" ec="2" bec="0" bev="0" fileid="2" />
              </SequencePoints>
              <BranchPoints />
              <MethodPoint vc="3" upsid="0" p8:type="SequencePoint" ordinal="1" offset="1" sc="0" sl="30" ec="1" el="32" bec="0" bev="0" fileid="2" xmlns:p8="xsi" />
            </Method>
            <Method cyclomaticComplexity="0" nPathComplexity="0" sequenceCoverage="1" branchCoverage="0" isConstructor="False" isGetter="False" isSetter="False" isStatic="True">
              <Summary numSequencePoints="3" visitedSequencePoints="3" numBranchPoints="0" visitedBranchPoints="0" sequenceCoverage="1" branchCoverage="0" maxCyclomaticComplexity="0" minCyclomaticComplexity="0" visitedClasses="0" numClasses="0" visitedMethods="1" numMethods="1" />
              <MetadataToken />
              <Name>Number.Symbol Number.Roman::GetSymbol(System.String)</Name>
              <FileRef uid="2" />
              <SequencePoints>
                <SequencePoint vc="51" upsid="35" ordinal="0" sl="35" sc="1" el="35" ec="2" bec="0" bev="0" fileid="2" />
                <SequencePoint vc="51" upsid="36" ordinal="1" sl="36" sc="1" el="36" ec="2" bec="0" bev="0" fileid="2" />
                <SequencePoint vc="51" upsid="37" ordinal="2" sl="37" sc="1" el="37" ec="2" bec="0" bev="0" fileid="2" />
              </SequencePoints>
              <BranchPoints />
              <MethodPoint vc="3" upsid="0" p8:type="SequencePoint" ordinal="2" offset="2" sc="0" sl="35" ec="1" el="37" bec="0" bev="0" fileid="2" xmlns:p8="xsi" />
            </Method>
          </Methods>
        </Class>
        <Class>
          <Summary numSequencePoints="64" visitedSequencePoints="23" numBranchPoints="12" visitedBranchPoints="1" sequenceCoverage="0.359" branchCoverage="0.083" maxCyclomaticComplexity="0" minCyclomaticComplexity="0" visitedClasses="1" numClasses="1" visitedMethods="2" numMethods="4" />
          <FullName>Number.RomanNumerals</FullName>
          <Methods>
            <Method cyclomaticComplexity="0" nPathComplexity="0" sequenceCoverage="1" branchCoverage="0" isConstructor="False" isGetter="False" isSetter="False" isStatic="True">
              <Summary numSequencePoints="3" visitedSequencePoints="3" numBranchPoints="0" visitedBranchPoints="0" sequenceCoverage="1" branchCoverage="0" maxCyclomaticComplexity="0" minCyclomaticComplexity="0" visitedClasses="0" numClasses="0" visitedMethods="1" numMethods="1" />
              <MetadataToken />
              <Name>System.String Number.RomanNumerals::ToRoman(System.Int32)</Name>
              <FileRef uid="3" />
              <SequencePoints>
                <SequencePoint vc="17" upsid="22" ordinal="0" sl="22" sc="1" el="22" ec="2" bec="0" bev="0" fileid="3" />
                <SequencePoint vc="17" upsid="23" ordinal="1" sl="23" sc="1" el="23" ec="2" bec="0" bev="0" fileid="3" />
                <SequencePoint vc="16" upsid="24" ordinal="2" sl="24" sc="1" el="24" ec="2" bec="0" bev="0" fileid="3" />
              </SequencePoints>
              <BranchPoints />
              <MethodPoint vc="3" upsid="0" p8:type="SequencePoint" ordinal="0" offset="0" sc="0" sl="22" ec="1" el="24" bec="0" bev="0" fileid="3" xmlns:p8="xsi" />
            </Method>
            <Method cyclomaticComplexity="0" nPathComplexity="0" sequenceCoverage="0" branchCoverage="0" isConstructor="False" isGetter="False" isSetter="False" isStatic="True">
              <Summary numSequencePoints="3" visitedSequencePoints="0" numBranchPoints="0" visitedBranchPoints="0" sequenceCoverage="0" branchCoverage="0" maxCyclomaticComplexity="0" minCyclomaticComplexity="0" visitedClasses="0" numClasses="0" visitedMethods="0" numMethods="1" />
              <MetadataToken />
              <Name>System.Int32 Number.RomanNumerals::ToArabic(System.String)</Name>
              <FileRef uid="3" />
              <SequencePoints>
                <SequencePoint vc="0" upsid="27" ordinal="0" sl="27" sc="1" el="27" ec="2" bec="0" bev="0" fileid="3" />
                <SequencePoint vc="0" upsid="28" ordinal="1" sl="28" sc="1" el="28" ec="2" bec="0" bev="0" fileid="3" />
                <SequencePoint vc="0" upsid="29" ordinal="2" sl="29" sc="1" el="29" ec="2" bec="0" bev="0" fileid="3" />
              </SequencePoints>
              <BranchPoints />
              <MethodPoint vc="0" upsid="0" p8:type="SequencePoint" ordinal="1" offset="1" sc="0" sl="27" ec="1" el="29" bec="0" bev="0" fileid="3" xmlns:p8="xsi" />
            </Method>
            <Method cyclomaticComplexity="0" nPathComplexity="0" sequenceCoverage="0" branchCoverage="0" isConstructor="False" isGetter="False" isSetter="False" isStatic="True">
              <Summary numSequencePoints="34" visitedSequencePoints="0" numBranchPoints="10" visitedBranchPoints="0" sequenceCoverage="0" branchCoverage="0" maxCyclomaticComplexity="0" minCyclomaticComplexity="0" visitedClasses="0" numClasses="0" visitedMethods="0" numMethods="1" />
              <MetadataToken />
              <Name>System.Int32 Number.RomanNumerals::RomanToArabic(System.String)</Name>
              <FileRef uid="3" />
              <SequencePoints>
                <SequencePoint vc="0" upsid="32" ordinal="0" sl="32" sc="1" el="32" ec="2" bec="0" bev="0" fileid="3" />
                <SequencePoint vc="0" upsid="34" ordinal="1" sl="34" sc="1" el="34" ec="2" bec="0" bev="0" fileid="3" />
                <SequencePoint vc="0" upsid="35" ordinal="2" sl="35" sc="1" el="35" ec="2" bec="0" bev="0" fileid="3" />
                <SequencePoint vc="0" upsid="36" ordinal="3" sl="36" sc="1" el="36" ec="2" bec="0" bev="0" fileid="3" />
                <SequencePoint vc="0" upsid="37" ordinal="4" sl="37" sc="1" el="37" ec="2" bec="0" bev="0" fileid="3" />
                <SequencePoint vc="0" upsid="38" ordinal="5" sl="38" sc="1" el="38" ec="2" bec="0" bev="0" fileid="3" />
                <SequencePoint vc="0" upsid="39" ordinal="6" sl="39" sc="1" el="39" ec="2" bec="0" bev="0" fileid="3" />
                <SequencePoint vc="0" upsid="40" ordinal="7" sl="40" sc="1" el="40" ec="2" bec="0" bev="0" fileid="3" />
                <SequencePoint vc="0" upsid="41" ordinal="8" sl="41" sc="1" el="41" ec="2" bec="0" bev="0" fileid="3" />
                <SequencePoint vc="0" upsid="42" ordinal="9" sl="42" sc="1" el="42" ec="2" bec="0" bev="0" fileid="3" />
                <SequencePoint vc="0" upsid="43" ordinal="10" sl="43" sc="1" el="43" ec="2" bec="0" bev="0" fileid="3" />
                <SequencePoint vc="0" upsid="44" ordinal="11" sl="44" sc="1" el="44" ec="2" bec="0" bev="0" fileid="3" />
                <SequencePoint vc="0" upsid="46" ordinal="12" sl="46" sc="1" el="46" ec="2" bec="0" bev="0" fileid="3" />
                <SequencePoint vc="0" upsid="47" ordinal="13" sl="47" sc="1" el="47" ec="2" bec="0" bev="0" fileid="3" />
                <SequencePoint vc="0" upsid="50" ordinal="14" sl="50" sc="1" el="50" ec="2" bec="0" bev="0" fileid="3" />
                <SequencePoint vc="0" upsid="51" ordinal="15" sl="51" sc="1" el="51" ec="2" bec="0" bev="0" fileid="3" />
                <SequencePoint vc="0" upsid="53" ordinal="16" sl="53" sc="1" el="53" ec="2" bec="0" bev="0" fileid="3" />
                <SequencePoint vc="0" upsid="56" ordinal="17" sl="56" sc="1" el="56" ec="2" bec="0" bev="0" fileid="3" />
                <SequencePoint vc="0" upsid="57" ordinal="18" sl="57" sc="1" el="57" ec="2" bec="0" bev="0" fileid="3" />
                <SequencePoint vc="0" upsid="58" ordinal="19" sl="58" sc="1" el="58" ec="2" bec="0" bev="0" fileid="3" />
                <SequencePoint vc="0" upsid="63" ordinal="20" sl="63" sc="1" el="63" ec="2" bec="0" bev="0" fileid="3" />
                <SequencePoint vc="0" upsid="64" ordinal="21" sl="64" sc="1" el="64" ec="2" bec="0" bev="0" fileid="3" />
                <SequencePoint vc="0" upsid="65" ordinal="22" sl="65" sc="1" el="65" ec="2" bec="0" bev="0" fileid="3" />
                <SequencePoint vc="0" upsid="66" ordinal="23" sl="66" sc="1" el="66" ec="2" bec="0" bev="0" fileid="3" />
                <SequencePoint vc="0" upsid="67" ordinal="24" sl="67" sc="1" el="67" ec="2" bec="0" bev="0" fileid="3" />
                <SequencePoint vc="0" upsid="70" ordinal="25" sl="70" sc="1" el="70" ec="2" bec="0" bev="0" fileid="3" />
                <SequencePoint vc="0" upsid="71" ordinal="26" sl="71" sc="1" el="71" ec="2" bec="0" bev="0" fileid="3" />
                <SequencePoint vc="0" upsid="73" ordinal="27" sl="73" sc="1" el="73" ec="2" bec="0" bev="0" fileid="3" />
                <SequencePoint vc="0" upsid="74" ordinal="28" sl="74" sc="1" el="74" ec="2" bec="0" bev="0" fileid="3" />
                <SequencePoint vc="0" upsid="75" ordinal="29" sl="75" sc="1" el="75" ec="2" bec="0" bev="0" fileid="3" />
                <SequencePoint vc="0" upsid="76" ordinal="30" sl="76" sc="1" el="76" ec="2" bec="0" bev="0" fileid="3" />
                <SequencePoint vc="0" upsid="77" ordinal="31" sl="77" sc="1" el="77" ec="2" bec="0" bev="0" fileid="3" />
                <SequencePoint vc="0" upsid="80" ordinal="32" sl="80" sc="1" el="80" ec="2" bec="0" bev="0" fileid="3" />
                <SequencePoint vc="0" upsid="81" ordinal="33" sl="81" sc="1" el="81" ec="2" bec="0" bev="0" fileid="3" />
              </SequencePoints>
              <BranchPoints>
                <BranchPoint vc="0" upsid="34" ordinal="0" path="0" offset="12" offsetend="17" sl="34" fileid="3" />
                <BranchPoint vc="0" upsid="34" ordinal="1" path="1" offset="12" offsetend="146" sl="34" fileid="3" />
                <BranchPoint vc="0" upsid="46" ordinal="2" path="0" offset="157" offsetend="159" sl="46" fileid="3" />
                <BranchPoint vc="0" upsid="46" ordinal="3" path="1" offset="157" offsetend="167" sl="46" fileid="3" />
                <BranchPoint vc="0" upsid="50" ordinal="4" path="0" offset="190" offsetend="192" sl="50" fileid="3" />
                <BranchPoint vc="0" upsid="50" ordinal="5" path="1" offset="190" offsetend="255" sl="50" fileid="3" />
                <BranchPoint vc="0" upsid="65" ordinal="9" path="1" offset="340" offsetend="271" sl="65" fileid="3" />
                <BranchPoint vc="0" upsid="65" ordinal="8" path="0" offset="340" offsetend="342" sl="65" fileid="3" />
                <BranchPoint vc="0" upsid="70" ordinal="6" path="0" offset="302" offsetend="304" sl="70" fileid="3" />
                <BranchPoint vc="0" upsid="70" ordinal="7" path="1" offset="302" offsetend="311" sl="70" fileid="3" />
              </BranchPoints>
              <MethodPoint vc="0" upsid="0" p8:type="SequencePoint" ordinal="2" offset="2" sc="0" sl="32" ec="1" el="81" bec="0" bev="0" fileid="3" xmlns:p8="xsi" />
            </Method>
            <Method cyclomaticComplexity="0" nPathComplexity="0" sequenceCoverage="0.833" branchCoverage="0.5" isConstructor="False" isGetter="False" isSetter="False" isStatic="True">
              <Summary numSequencePoints="24" visitedSequencePoints="20" numBranchPoints="2" visitedBranchPoints="1" sequenceCoverage="0.833" branchCoverage="0.5" maxCyclomaticComplexity="0" minCyclomaticComplexity="0" visitedClasses="0" numClasses="0" visitedMethods="1" numMethods="1" />
              <MetadataToken />
              <Name>System.String Number.RomanNumerals::ArabicToRoman(System.Int32)</Name>
              <FileRef uid="3" />
              <SequencePoints>
                <SequencePoint vc="17" upsid="84" ordinal="0" sl="84" sc="1" el="84" ec="2" bec="0" bev="0" fileid="3" />
                <SequencePoint vc="17" upsid="86" ordinal="1" sl="86" sc="1" el="86" ec="2" bec="0" bev="0" fileid="3" />
                <SequencePoint vc="0" upsid="87" ordinal="2" sl="87" sc="1" el="87" ec="2" bec="0" bev="0" fileid="3" />
                <SequencePoint vc="0" upsid="89" ordinal="3" sl="89" sc="1" el="89" ec="2" bec="0" bev="0" fileid="3" />
                <SequencePoint vc="0" upsid="90" ordinal="4" sl="90" sc="1" el="90" ec="2" bec="0" bev="0" fileid="3" />
                <SequencePoint vc="0" upsid="91" ordinal="5" sl="91" sc="1" el="91" ec="2" bec="0" bev="0" fileid="3" />
                <SequencePoint vc="17" upsid="95" ordinal="6" sl="95" sc="1" el="95" ec="2" bec="0" bev="0" fileid="3" />
                <SequencePoint vc="17" upsid="98" ordinal="7" sl="98" sc="1" el="98" ec="2" bec="0" bev="0" fileid="3" />
                <SequencePoint vc="17" upsid="101" ordinal="8" sl="101" sc="1" el="101" ec="2" bec="0" bev="0" fileid="3" />
                <SequencePoint vc="17" upsid="102" ordinal="9" sl="102" sc="1" el="102" ec="2" bec="0" bev="0" fileid="3" />
                <SequencePoint vc="17" upsid="103" ordinal="10" sl="103" sc="1" el="103" ec="2" bec="0" bev="0" fileid="3" />
                <SequencePoint vc="17" upsid="106" ordinal="11" sl="106" sc="1" el="106" ec="2" bec="0" bev="0" fileid="3" />
                <SequencePoint vc="17" upsid="107" ordinal="12" sl="107" sc="1" el="107" ec="2" bec="0" bev="0" fileid="3" />
                <SequencePoint vc="17" upsid="108" ordinal="13" sl="108" sc="1" el="108" ec="2" bec="0" bev="0" fileid="3" />
                <SequencePoint vc="17" upsid="111" ordinal="14" sl="111" sc="1" el="111" ec="2" bec="0" bev="0" fileid="3" />
                <SequencePoint vc="17" upsid="112" ordinal="15" sl="112" sc="1" el="112" ec="2" bec="0" bev="0" fileid="3" />
                <SequencePoint vc="17" upsid="113" ordinal="16" sl="113" sc="1" el="113" ec="2" bec="0" bev="0" fileid="3" />
                <SequencePoint vc="17" upsid="116" ordinal="17" sl="116" sc="1" el="116" ec="2" bec="0" bev="0" fileid="3" />
                <SequencePoint vc="16" upsid="117" ordinal="18" sl="117" sc="1" el="117" ec="2" bec="0" bev="0" fileid="3" />
                <SequencePoint vc="1" upsid="118" ordinal="19" sl="118" sc="1" el="118" ec="2" bec="0" bev="0" fileid="3" />
                <SequencePoint vc="1" upsid="119" ordinal="20" sl="119" sc="1" el="119" ec="2" bec="0" bev="0" fileid="3" />
                <SequencePoint vc="1" upsid="120" ordinal="21" sl="120" sc="1" el="120" ec="2" bec="0" bev="0" fileid="3" />
                <SequencePoint vc="16" upsid="122" ordinal="22" sl="122" sc="1" el="122" ec="2" bec="0" bev="0" fileid="3" />
                <SequencePoint vc="16" upsid="123" ordinal="23" sl="123" sc="1" el="123" ec="2" bec="0" bev="0" fileid="3" />
              </SequencePoints>
              <BranchPoints>
                <BranchPoint vc="0" upsid="86" ordinal="0" path="0" offset="14" offsetend="16" sl="86" fileid="3" />
                <BranchPoint vc="131071" upsid="86" ordinal="1" path="1" offset="14" offsetend="69" sl="86" fileid="3" />
              </BranchPoints>
              <MethodPoint vc="20" upsid="0" p8:type="SequencePoint" ordinal="3" offset="3" sc="0" sl="84" ec="1" el="123" bec="0" bev="0" fileid="3" xmlns:p8="xsi" />
            </Method>
          </Methods>
        </Class>
      </Classes>
    </Module>
  </Modules>
</CoverageSession>