SF:/Users/boriphuth/Projects/tdd_roman/Number/Arabic.cs
FN:8,System.String Number.Arabic::ConvertToRoman(System.Int32,Number.Roman)
FNDA:17,System.String Number.Arabic::ConvertToRoman(System.Int32,Number.Roman)
DA:9,17
DA:10,17
DA:11,17
DA:12,17
DA:13,17
DA:15,17
DA:16,17
DA:17,17
DA:19,17
DA:20,1
DA:21,1
DA:23,16
DA:24,16
BRDA:19,112,0,1
BRDA:19,112,1,65535
FN:26,System.String Number.Arabic::PlaceValues(System.Int32,Number.Symbol)
FNDA:51,System.String Number.Arabic::PlaceValues(System.Int32,Number.Symbol)
DA:27,51
DA:28,51
DA:29,51
DA:30,51
DA:31,39
DA:32,39
DA:33,39
DA:34,12
DA:35,1
DA:36,1
DA:37,1
DA:38,11
DA:39,3
DA:40,3
DA:41,3
DA:42,8
DA:43,5
DA:44,5
DA:45,5
DA:46,3
DA:47,3
DA:48,3
DA:49,3
DA:50,51
DA:51,51
BRDA:30,23,0,2147483647
BRDA:30,23,1,4095
BRDA:34,58,0,1
BRDA:34,58,1,2047
BRDA:38,96,0,7
BRDA:38,96,1,255
BRDA:42,118,0,255
BRDA:42,118,1,0
BRDA:42,134,0,31
BRDA:42,134,1,7
BRDA:46,183,0,7
BRDA:46,183,1,2147483647
FN:53,System.String Number.Arabic::RepeatLiteral(System.Int32,System.String)
FNDA:44,System.String Number.Arabic::RepeatLiteral(System.Int32,System.String)
DA:54,44
DA:55,44
DA:56,44
DA:57,136
DA:58,24
DA:59,24
DA:60,24
DA:61,44
DA:62,44
BRDA:57,38,1,16777215
BRDA:57,38,0,2147483647
LF:47
LH:47
BRF:16
BRH:15
FNF:3
FNH:3
end_of_record
SF:/Users/boriphuth/Projects/tdd_roman/Number/NumberToRomanConvertor.cs
FN:9,System.String Number.NumberToRomanConvertor::NumberToRoman(System.Int32)
FNDA:19,System.String Number.NumberToRomanConvertor::NumberToRoman(System.Int32)
DA:10,19
DA:12,19
DA:13,1
DA:15,18
DA:18,18
DA:19,18
DA:22,18
DA:25,504
DA:26,234
DA:29,277
DA:30,43
DA:31,43
DA:32,43
DA:33,43
DA:34,234
DA:37,18
DA:38,18
BRDA:12,3,0,262143
BRDA:12,3,1,1
BRDA:12,18,0,1
BRDA:12,18,1,262143
BRDA:15,39,0,0
BRDA:15,39,1,262143
BRDA:25,256,1,2147483647
BRDA:25,256,0,262143
BRDA:29,237,1,2147483647
BRDA:29,237,0,2147483647
LF:17
LH:17
BRF:10
BRH:9
FNF:1
FNH:1
end_of_record
SF:/Users/boriphuth/Projects/tdd_roman/Number/Roman.cs
FN:7,System.String Number.Symbol::get_one()
FNDA:99,System.String Number.Symbol::get_one()
DA:8,99
FN:8,System.String Number.Symbol::get_five()
FNDA:60,System.String Number.Symbol::get_five()
DA:9,60
FN:9,System.String Number.Symbol::get_ten()
FNDA:54,System.String Number.Symbol::get_ten()
DA:10,54
FN:21,System.Collections.Generic.Dictionary`2<System.String,Number.Symbol> Number.Roman::get__symbols()
FNDA:119,System.Collections.Generic.Dictionary`2<System.String,Number.Symbol> Number.Roman::get__symbols()
DA:22,119
FN:29,System.Void Number.Roman::AddPlaceValue(System.String,Number.Symbol)
FNDA:51,System.Void Number.Roman::AddPlaceValue(System.String,Number.Symbol)
DA:30,51
DA:31,51
DA:32,51
FN:34,Number.Symbol Number.Roman::GetSymbol(System.String)
FNDA:51,Number.Symbol Number.Roman::GetSymbol(System.String)
DA:35,51
DA:36,51
DA:37,51
LF:10
LH:10
BRF:0
BRH:0
FNF:6
FNH:6
end_of_record
SF:/Users/boriphuth/Projects/tdd_roman/Number/RomanNumerals.cs
FN:21,System.String Number.RomanNumerals::ToRoman(System.Int32)
FNDA:20,System.String Number.RomanNumerals::ToRoman(System.Int32)
DA:22,20
DA:23,20
DA:24,19
FN:26,System.Int32 Number.RomanNumerals::ToArabic(System.String)
FNDA:18,System.Int32 Number.RomanNumerals::ToArabic(System.String)
DA:27,18
DA:28,18
DA:29,18
FN:31,System.Int32 Number.RomanNumerals::RomanToArabic(System.String)
FNDA:20,System.Int32 Number.RomanNumerals::RomanToArabic(System.String)
DA:32,20
DA:34,20
DA:35,18
DA:36,18
DA:37,18
DA:38,18
DA:39,18
DA:40,18
DA:41,18
DA:42,18
DA:43,18
DA:44,18
DA:46,21
DA:47,19
DA:50,19
DA:51,1
DA:53,1
DA:56,1
DA:57,1
DA:58,1
DA:63,18
DA:64,18
DA:65,120
DA:66,42
DA:67,42
DA:70,42
DA:71,4
DA:73,38
DA:74,38
DA:75,38
DA:76,38
DA:77,42
DA:80,18
DA:81,20
BRDA:34,12,0,262143
BRDA:34,12,1,1048575
BRDA:46,157,0,1
BRDA:46,157,1,524287
BRDA:50,190,0,1
BRDA:50,190,1,262143
BRDA:65,340,1,2147483647
BRDA:65,340,0,262143
BRDA:70,302,0,15
BRDA:70,302,1,2147483647
FN:83,System.String Number.RomanNumerals::ArabicToRoman(System.Int32)
FNDA:24,System.String Number.RomanNumerals::ArabicToRoman(System.Int32)
DA:84,24
DA:86,24
DA:87,2
DA:89,2
DA:90,2
DA:91,2
DA:95,22
DA:98,22
DA:101,22
DA:102,22
DA:103,22
DA:106,22
DA:107,22
DA:108,22
DA:111,22
DA:112,22
DA:113,22
DA:116,22
DA:117,21
DA:118,1
DA:119,1
DA:120,1
DA:122,21
DA:123,23
BRDA:86,14,0,3
BRDA:86,14,1,4194303
LF:64
LH:64
BRF:12
BRH:12
FNF:4
FNH:4
end_of_record