SF:/Users/boriphuth/Projects/tdd_roman/Number/Arabic.cs
FN:8,System.String Number.Arabic::ConvertToRoman(System.Int32,Number.Roman)
FNDA:17,System.String Number.Arabic::ConvertToRoman(System.Int32,Number.Roman)
DA:9,17
DA:10,17
DA:11,17
DA:12,17
DA:13,17
DA:15,17
DA:16,17
DA:17,17
DA:19,17
DA:20,1
DA:21,1
DA:23,16
DA:24,16
BRDA:19,112,0,1
BRDA:19,112,1,65535
FN:26,System.String Number.Arabic::PlaceValues(System.Int32,Number.Symbol)
FNDA:51,System.String Number.Arabic::PlaceValues(System.Int32,Number.Symbol)
DA:27,51
DA:28,51
DA:29,51
DA:30,51
DA:31,39
DA:32,39
DA:33,39
DA:34,12
DA:35,1
DA:36,1
DA:37,1
DA:38,11
DA:39,3
DA:40,3
DA:41,3
DA:42,8
DA:43,5
DA:44,5
DA:45,5
DA:46,3
DA:47,3
DA:48,3
DA:49,3
DA:50,51
DA:51,51
BRDA:30,23,0,2147483647
BRDA:30,23,1,4095
BRDA:34,58,0,1
BRDA:34,58,1,2047
BRDA:38,96,0,7
BRDA:38,96,1,255
BRDA:42,118,0,255
BRDA:42,118,1,0
BRDA:42,134,0,31
BRDA:42,134,1,7
BRDA:46,183,0,7
BRDA:46,183,1,2147483647
FN:53,System.String Number.Arabic::RepeatLiteral(System.Int32,System.String)
FNDA:44,System.String Number.Arabic::RepeatLiteral(System.Int32,System.String)
DA:54,44
DA:55,44
DA:56,44
DA:57,136
DA:58,24
DA:59,24
DA:60,24
DA:61,44
DA:62,44
BRDA:57,38,1,16777215
BRDA:57,38,0,2147483647
LF:47
LH:47
BRF:16
BRH:15
FNF:3
FNH:3
end_of_record
SF:/Users/boriphuth/Projects/tdd_roman/Number/Roman.cs
FN:7,System.String Number.Symbol::get_one()
FNDA:99,System.String Number.Symbol::get_one()
DA:8,99
FN:8,System.String Number.Symbol::get_five()
FNDA:60,System.String Number.Symbol::get_five()
DA:9,60
FN:9,System.String Number.Symbol::get_ten()
FNDA:54,System.String Number.Symbol::get_ten()
DA:10,54
FN:21,System.Collections.Generic.Dictionary`2<System.String,Number.Symbol> Number.Roman::get__symbols()
FNDA:119,System.Collections.Generic.Dictionary`2<System.String,Number.Symbol> Number.Roman::get__symbols()
DA:22,119
FN:29,System.Void Number.Roman::AddPlaceValue(System.String,Number.Symbol)
FNDA:51,System.Void Number.Roman::AddPlaceValue(System.String,Number.Symbol)
DA:30,51
DA:31,51
DA:32,51
FN:34,Number.Symbol Number.Roman::GetSymbol(System.String)
FNDA:51,Number.Symbol Number.Roman::GetSymbol(System.String)
DA:35,51
DA:36,51
DA:37,51
LF:10
LH:10
BRF:0
BRH:0
FNF:6
FNH:6
end_of_record
SF:/Users/boriphuth/Projects/tdd_roman/Number/RomanNumerals.cs
FN:21,System.String Number.RomanNumerals::ToRoman(System.Int32)
FNDA:17,System.String Number.RomanNumerals::ToRoman(System.Int32)
DA:22,17
DA:23,17
DA:24,16
FN:26,System.Int32 Number.RomanNumerals::ToArabic(System.String)
FNDA:0,System.Int32 Number.RomanNumerals::ToArabic(System.String)
DA:27,0
DA:28,0
DA:29,0
FN:31,System.Int32 Number.RomanNumerals::RomanToArabic(System.String)
FNDA:0,System.Int32 Number.RomanNumerals::RomanToArabic(System.String)
DA:32,0
DA:34,0
DA:35,0
DA:36,0
DA:37,0
DA:38,0
DA:39,0
DA:40,0
DA:41,0
DA:42,0
DA:43,0
DA:44,0
DA:46,0
DA:47,0
DA:50,0
DA:51,0
DA:53,0
DA:56,0
DA:57,0
DA:58,0
DA:63,0
DA:64,0
DA:65,0
DA:66,0
DA:67,0
DA:70,0
DA:71,0
DA:73,0
DA:74,0
DA:75,0
DA:76,0
DA:77,0
DA:80,0
DA:81,0
BRDA:34,12,0,0
BRDA:34,12,1,0
BRDA:46,157,0,0
BRDA:46,157,1,0
BRDA:50,190,0,0
BRDA:50,190,1,0
BRDA:65,340,1,0
BRDA:65,340,0,0
BRDA:70,302,0,0
BRDA:70,302,1,0
FN:83,System.String Number.RomanNumerals::ArabicToRoman(System.Int32)
FNDA:17,System.String Number.RomanNumerals::ArabicToRoman(System.Int32)
DA:84,17
DA:86,17
DA:87,0
DA:89,0
DA:90,0
DA:91,0
DA:95,17
DA:98,17
DA:101,17
DA:102,17
DA:103,17
DA:106,17
DA:107,17
DA:108,17
DA:111,17
DA:112,17
DA:113,17
DA:116,17
DA:117,16
DA:118,1
DA:119,1
DA:120,1
DA:122,16
DA:123,16
BRDA:86,14,0,0
BRDA:86,14,1,131071
LF:64
LH:23
BRF:12
BRH:1
FNF:4
FNH:2
end_of_record